{
  "RSpec": {
    "coverage": {
      "/home/hajame/courses/ratebeer/app/helpers/application_helper.rb": {
        "lines": [
          1,
          null
        ]
      },
      "/home/hajame/courses/ratebeer/app/helpers/beer_clubs_helper.rb": {
        "lines": [
          1,
          null
        ]
      },
      "/home/hajame/courses/ratebeer/app/helpers/beers_helper.rb": {
        "lines": [
          1,
          null
        ]
      },
      "/home/hajame/courses/ratebeer/app/helpers/breweries_helper.rb": {
        "lines": [
          1,
          null
        ]
      },
      "/home/hajame/courses/ratebeer/app/helpers/memberships_helper.rb": {
        "lines": [
          1,
          null
        ]
      },
      "/home/hajame/courses/ratebeer/app/helpers/users_helper.rb": {
        "lines": [
          1,
          null
        ]
      },
      "/home/hajame/courses/ratebeer/app/models/beer.rb": {
        "lines": [
          1,
          1,
          null,
          1,
          1,
          1,
          null,
          1,
          1,
          null,
          1,
          0,
          null,
          0,
          null,
          null,
          1,
          2,
          null,
          null
        ]
      },
      "/home/hajame/courses/ratebeer/app/models/application_record.rb": {
        "lines": [
          1,
          1,
          null
        ]
      },
      "/home/hajame/courses/ratebeer/app/models/concerns/rating_average.rb": {
        "lines": [
          1,
          1,
          null,
          1,
          18,
          null,
          null
        ]
      },
      "/home/hajame/courses/ratebeer/app/models/user.rb": {
        "lines": [
          1,
          1,
          null,
          1,
          null,
          1,
          null,
          null,
          null,
          1,
          null,
          null,
          null,
          null,
          1,
          1,
          1,
          1,
          null,
          1,
          0,
          null,
          null,
          1,
          3,
          1,
          null,
          null,
          2,
          null,
          null,
          1,
          20,
          9,
          null,
          null,
          11,
          null,
          null,
          1,
          20,
          9,
          null,
          null,
          11,
          null,
          null,
          1,
          null,
          1,
          22,
          22,
          22,
          34,
          34,
          26,
          26,
          null,
          null,
          22,
          null,
          null,
          1,
          11,
          11,
          31,
          31,
          null,
          11,
          null,
          null,
          1,
          11,
          11,
          27,
          27,
          null,
          11,
          null,
          null
        ]
      },
      "/home/hajame/courses/ratebeer/app/models/brewery.rb": {
        "lines": [
          1,
          1,
          null,
          1,
          1,
          null,
          1,
          1,
          null,
          null,
          1,
          0,
          0,
          0,
          null,
          null,
          1,
          0,
          0,
          null,
          null,
          1,
          null,
          1,
          46,
          null,
          0,
          null,
          null
        ]
      },
      "/home/hajame/courses/ratebeer/app/controllers/sessions_controller.rb": {
        "lines": [
          1,
          1,
          null,
          null,
          null,
          1,
          10,
          10,
          7,
          7,
          null,
          3,
          null,
          null,
          null,
          1,
          0,
          0,
          null,
          null
        ]
      },
      "/home/hajame/courses/ratebeer/app/controllers/application_controller.rb": {
        "lines": [
          1,
          1,
          null,
          1,
          101,
          null,
          75,
          null,
          null
        ]
      },
      "/home/hajame/courses/ratebeer/app/controllers/beers_controller.rb": {
        "lines": [
          1,
          1,
          1,
          null,
          null,
          1,
          3,
          null,
          null,
          null,
          1,
          null,
          null,
          null,
          1,
          2,
          null,
          null,
          null,
          1,
          null,
          null,
          null,
          1,
          2,
          null,
          2,
          2,
          2,
          1,
          null,
          1,
          2,
          1,
          null,
          null,
          null,
          null,
          null,
          1,
          0,
          0,
          0,
          0,
          null,
          0,
          0,
          null,
          null,
          null,
          null,
          null,
          1,
          0,
          null,
          0,
          0,
          0,
          null,
          null,
          null,
          1,
          null,
          null,
          1,
          3,
          3,
          null,
          null,
          null,
          1,
          0,
          null,
          null,
          null,
          1,
          2,
          null,
          null
        ]
      },
      "/home/hajame/courses/ratebeer/app/controllers/breweries_controller.rb": {
        "lines": [
          1,
          1,
          1,
          null,
          null,
          1,
          3,
          null,
          null,
          null,
          1,
          null,
          null,
          null,
          1,
          0,
          null,
          null,
          null,
          1,
          null,
          null,
          null,
          1,
          0,
          null,
          0,
          0,
          0,
          0,
          null,
          0,
          0,
          null,
          null,
          null,
          null,
          null,
          1,
          0,
          0,
          0,
          0,
          null,
          0,
          0,
          null,
          null,
          null,
          null,
          null,
          1,
          0,
          null,
          0,
          0,
          0,
          null,
          null,
          null,
          1,
          null,
          1,
          0,
          null,
          0,
          0,
          0,
          null,
          null,
          0,
          null,
          null,
          null,
          null,
          1,
          1,
          null,
          null,
          null,
          1,
          0,
          null,
          null
        ]
      },
      "/home/hajame/courses/ratebeer/app/models/rating.rb": {
        "lines": [
          1,
          1,
          1,
          null,
          1,
          null,
          null,
          null,
          1,
          17,
          null,
          null
        ]
      },
      "/home/hajame/courses/ratebeer/app/controllers/users_controller.rb": {
        "lines": [
          1,
          1,
          null,
          null,
          1,
          0,
          null,
          null,
          null,
          1,
          null,
          null,
          null,
          1,
          1,
          null,
          null,
          null,
          1,
          null,
          null,
          null,
          1,
          1,
          null,
          1,
          1,
          2,
          1,
          null,
          0,
          0,
          null,
          null,
          null,
          null,
          null,
          1,
          0,
          0,
          0,
          0,
          0,
          0,
          0,
          null,
          0,
          0,
          null,
          null,
          null,
          null,
          null,
          1,
          0,
          0,
          0,
          0,
          0,
          0,
          0,
          0,
          null,
          null,
          null,
          null,
          1,
          null,
          null,
          1,
          15,
          null,
          null,
          null,
          1,
          1,
          null,
          null
        ]
      },
      "/home/hajame/courses/ratebeer/app/models/membership.rb": {
        "lines": [
          1,
          1,
          1,
          null
        ]
      },
      "/home/hajame/courses/ratebeer/app/models/beer_club.rb": {
        "lines": [
          1,
          1,
          1,
          null
        ]
      },
      "/home/hajame/courses/ratebeer/app/controllers/ratings_controller.rb": {
        "lines": [
          1,
          null,
          1,
          1,
          null,
          null,
          1,
          1,
          1,
          null,
          null,
          1,
          1,
          1,
          null,
          1,
          1,
          null,
          0,
          0,
          null,
          null,
          null,
          1,
          1,
          1,
          1,
          null,
          null
        ]
      },
      "/home/hajame/courses/ratebeer/app/channels/application_cable/channel.rb": {
        "lines": [
          0,
          0,
          0,
          0
        ],
        "branches": {
        }
      },
      "/home/hajame/courses/ratebeer/app/channels/application_cable/connection.rb": {
        "lines": [
          0,
          0,
          0,
          0
        ],
        "branches": {
        }
      },
      "/home/hajame/courses/ratebeer/app/controllers/beer_clubs_controller.rb": {
        "lines": [
          0,
          0,
          null,
          null,
          0,
          0,
          0,
          null,
          null,
          0,
          0,
          null,
          null,
          0,
          0,
          0,
          null,
          null,
          0,
          0,
          null,
          null,
          0,
          0,
          null,
          0,
          0,
          0,
          0,
          0,
          0,
          0,
          0,
          0,
          0,
          null,
          null,
          0,
          0,
          0,
          0,
          0,
          0,
          0,
          0,
          0,
          0,
          0,
          null,
          null,
          0,
          0,
          null,
          0,
          0,
          0,
          0,
          0,
          null,
          0,
          null,
          null,
          0,
          0,
          0,
          null,
          null,
          0,
          0,
          0,
          0
        ],
        "branches": {
        }
      },
      "/home/hajame/courses/ratebeer/app/controllers/memberships_controller.rb": {
        "lines": [
          0,
          0,
          null,
          null,
          0,
          0,
          0,
          null,
          null,
          0,
          0,
          null,
          null,
          0,
          0,
          0,
          0,
          null,
          null,
          0,
          0,
          null,
          null,
          0,
          0,
          null,
          0,
          0,
          0,
          0,
          0,
          0,
          0,
          0,
          0,
          0,
          null,
          null,
          0,
          0,
          0,
          0,
          0,
          0,
          0,
          0,
          0,
          0,
          0,
          null,
          null,
          0,
          0,
          null,
          0,
          0,
          0,
          0,
          0,
          null,
          0,
          null,
          null,
          0,
          0,
          0,
          null,
          null,
          0,
          0,
          0,
          0
        ],
        "branches": {
        }
      },
      "/home/hajame/courses/ratebeer/app/jobs/application_job.rb": {
        "lines": [
          0,
          null,
          null,
          null,
          null,
          null,
          0
        ],
        "branches": {
        }
      },
      "/home/hajame/courses/ratebeer/app/mailers/application_mailer.rb": {
        "lines": [
          0,
          0,
          0,
          0
        ],
        "branches": {
        }
      }
    },
    "timestamp": 1672160452
  }
}
